<?xml version="1.0" encoding="UTF-8"?>
<testng-results ignored="0" total="1" passed="1" failed="0" skipped="0">
  <reporter-output>
  </reporter-output>
  <suite started-at="2023-10-23T10:04:19 IST" name="Default suite" finished-at="2023-10-23T10:04:31 IST" duration-ms="11179">
    <groups>
    </groups>
    <test started-at="2023-10-23T10:04:19 IST" name="Default test" finished-at="2023-10-23T10:04:31 IST" duration-ms="11179">
      <class name="oct18th.WaitsDemo2">
        <test-method is-config="true" signature="setUp()[pri:0, instance:oct18th.WaitsDemo2@36060e]" started-at="2023-10-23T10:04:19 IST" name="setUp" finished-at="2023-10-23T10:04:22 IST" duration-ms="2613" status="PASS">
          <reporter-output>
          </reporter-output>
        </test-method> <!-- setUp -->
        <test-method signature="clickJsTest()[pri:0, instance:oct18th.WaitsDemo2@36060e]" started-at="2023-10-23T10:04:22 IST" name="clickJsTest" finished-at="2023-10-23T10:04:27 IST" duration-ms="5412" status="PASS">
          <reporter-output>
          </reporter-output>
        </test-method> <!-- clickJsTest -->
        <test-method is-config="true" signature="teardown()[pri:0, instance:oct18th.WaitsDemo2@36060e]" started-at="2023-10-23T10:04:27 IST" name="teardown" finished-at="2023-10-23T10:04:31 IST" duration-ms="3117" status="PASS">
          <reporter-output>
          </reporter-output>
        </test-method> <!-- teardown -->
      </class> <!-- oct18th.WaitsDemo2 -->
    </test> <!-- Default test -->
  </suite> <!-- Default suite -->
</testng-results>
